0 verbose cli /usr/local/bin/node /usr/local/bin/npm
1 info using npm@11.9.0
2 info using node@v24.14.0
3 silly config load:file:/usr/local/lib/node_modules/npm/npmrc
4 silly config load:file:/Users/ianhough/sarakbi-patient-app/.npmrc
5 silly config load:file:/Users/ianhough/.npmrc
6 silly config load:file:/usr/local/etc/npmrc
7 verbose title npm install next@15.3.6 eslint-config-next@15.3.6
8 verbose argv "install" "next@15.3.6" "eslint-config-next@15.3.6" "--cache" "./.npm-cache"
9 verbose logfile logs-max:10 dir:/Users/ianhough/sarakbi-patient-app/.npm-cache/_logs/2026-03-29T18_01_09_275Z-
10 verbose logfile /Users/ianhough/sarakbi-patient-app/.npm-cache/_logs/2026-03-29T18_01_09_275Z-debug-0.log
11 silly logfile done cleaning log files
12 silly packumentCache heap:4496293888 maxSize:1124073472 maxEntrySize:562036736
13 silly idealTree buildDeps
14 silly fetch manifest next@15.3.6
15 silly packumentCache full:https://registry.npmjs.org/next cache-miss
16 http cache https://registry.npmjs.org/next 47ms (cache hit)
17 silly packumentCache full:https://registry.npmjs.org/next set size:29817175 disposed:false
18 silly fetch manifest @opentelemetry/api@^1.1.0
19 silly packumentCache full:https://registry.npmjs.org/@opentelemetry%2fapi cache-miss
20 http cache https://registry.npmjs.org/@opentelemetry%2fapi 4ms (cache hit)
21 silly packumentCache full:https://registry.npmjs.org/@opentelemetry%2fapi set size:272855 disposed:false
22 silly fetch manifest @playwright/test@^1.41.2
23 silly packumentCache full:https://registry.npmjs.org/@playwright%2ftest cache-miss
24 http cache https://registry.npmjs.org/@playwright%2ftest 8ms (cache hit)
25 silly packumentCache full:https://registry.npmjs.org/@playwright%2ftest set size:8896531 disposed:false
26 silly fetch manifest babel-plugin-react-compiler@*
27 silly packumentCache full:https://registry.npmjs.org/babel-plugin-react-compiler cache-miss
28 http cache https://registry.npmjs.org/babel-plugin-react-compiler 2ms (cache hit)
29 silly packumentCache full:https://registry.npmjs.org/babel-plugin-react-compiler set size:1297318 disposed:false
30 silly fetch manifest react@^19.0.0
31 silly packumentCache full:https://registry.npmjs.org/react cache-miss
32 http cache https://registry.npmjs.org/react 6ms (cache hit)
33 silly packumentCache full:https://registry.npmjs.org/react set size:6569208 disposed:false
34 silly fetch manifest react-dom@^19.0.0
35 silly packumentCache full:https://registry.npmjs.org/react-dom cache-miss
36 http cache https://registry.npmjs.org/react-dom 7ms (cache hit)
37 silly packumentCache full:https://registry.npmjs.org/react-dom set size:8729087 disposed:false
38 silly fetch manifest sass@^1.3.0
39 silly packumentCache full:https://registry.npmjs.org/sass cache-miss
40 http cache https://registry.npmjs.org/sass 4ms (cache hit)
41 silly packumentCache full:https://registry.npmjs.org/sass set size:724154 disposed:false
42 silly fetch manifest eslint-config-next@15.3.6
43 silly packumentCache full:https://registry.npmjs.org/eslint-config-next cache-miss
44 http cache https://registry.npmjs.org/eslint-config-next 6ms (cache hit)
45 silly packumentCache full:https://registry.npmjs.org/eslint-config-next set size:6500566 disposed:false
46 silly fetch manifest eslint@^9
47 silly packumentCache full:https://registry.npmjs.org/eslint cache-miss
48 http cache https://registry.npmjs.org/eslint 3ms (cache hit)
49 silly packumentCache full:https://registry.npmjs.org/eslint set size:1970137 disposed:false
50 silly fetch manifest jiti@*
51 silly packumentCache full:https://registry.npmjs.org/jiti cache-miss
52 http cache https://registry.npmjs.org/jiti 2ms (cache hit)
53 silly packumentCache full:https://registry.npmjs.org/jiti set size:382310 disposed:false
54 silly fetch manifest typescript@^5
55 silly packumentCache full:https://registry.npmjs.org/typescript cache-miss
56 http cache https://registry.npmjs.org/typescript 11ms (cache hit)
57 silly packumentCache full:https://registry.npmjs.org/typescript set size:15395755 disposed:false
58 silly placeDep ROOT eslint-config-next@15.3.6 REPLACE for: sarakbi-patient-app@0.1.0 want: 15.3.6
59 silly placeDep ROOT next@15.3.6 REPLACE for: sarakbi-patient-app@0.1.0 want: 15.3.6
60 silly fetch manifest @next/eslint-plugin-next@15.3.6
61 silly packumentCache full:https://registry.npmjs.org/@next%2feslint-plugin-next cache-miss
62 silly fetch manifest @next/env@15.3.6
63 silly packumentCache full:https://registry.npmjs.org/@next%2fenv cache-miss
64 silly fetch manifest sharp@^0.34.1
65 silly packumentCache full:https://registry.npmjs.org/sharp cache-miss
66 silly fetch manifest @next/swc-darwin-x64@15.3.5
67 silly packumentCache full:https://registry.npmjs.org/@next%2fswc-darwin-x64 cache-miss
68 silly fetch manifest @next/swc-darwin-arm64@15.3.5
69 silly packumentCache full:https://registry.npmjs.org/@next%2fswc-darwin-arm64 cache-miss
70 silly fetch manifest @next/swc-linux-x64-gnu@15.3.5
71 silly packumentCache full:https://registry.npmjs.org/@next%2fswc-linux-x64-gnu cache-miss
72 silly fetch manifest @next/swc-linux-x64-musl@15.3.5
73 silly packumentCache full:https://registry.npmjs.org/@next%2fswc-linux-x64-musl cache-miss
74 silly fetch manifest @next/swc-win32-x64-msvc@15.3.5
75 silly packumentCache full:https://registry.npmjs.org/@next%2fswc-win32-x64-msvc cache-miss
76 silly fetch manifest @next/swc-linux-arm64-gnu@15.3.5
77 silly packumentCache full:https://registry.npmjs.org/@next%2fswc-linux-arm64-gnu cache-miss
78 http cache https://registry.npmjs.org/@next%2fswc-darwin-arm64 19ms (cache hit)
79 silly packumentCache full:https://registry.npmjs.org/@next%2fswc-darwin-arm64 set size:5125943 disposed:false
80 silly fetch manifest @next/swc-linux-arm64-musl@15.3.5
81 silly packumentCache full:https://registry.npmjs.org/@next%2fswc-linux-arm64-musl cache-miss
82 http cache https://registry.npmjs.org/@next%2fenv 31ms (cache hit)
83 silly packumentCache full:https://registry.npmjs.org/@next%2fenv set size:7094257 disposed:false
84 silly fetch manifest @next/swc-win32-arm64-msvc@15.3.5
85 silly packumentCache full:https://registry.npmjs.org/@next%2fswc-win32-arm64-msvc cache-miss
86 http cache https://registry.npmjs.org/@next%2fswc-linux-x64-musl 47ms (cache hit)
87 silly packumentCache full:https://registry.npmjs.org/@next%2fswc-linux-x64-musl set size:4929690 disposed:false
88 http cache https://registry.npmjs.org/@next%2feslint-plugin-next 62ms (cache hit)
89 silly packumentCache full:https://registry.npmjs.org/@next%2feslint-plugin-next set size:6626813 disposed:false
90 http cache https://registry.npmjs.org/@next%2fswc-linux-arm64-gnu 79ms (cache hit)
91 silly packumentCache full:https://registry.npmjs.org/@next%2fswc-linux-arm64-gnu set size:4976072 disposed:false
92 http cache https://registry.npmjs.org/@next%2fswc-linux-x64-gnu 94ms (cache hit)
93 silly packumentCache full:https://registry.npmjs.org/@next%2fswc-linux-x64-gnu set size:5173444 disposed:false
94 http cache https://registry.npmjs.org/@next%2fswc-darwin-x64 114ms (cache hit)
95 silly packumentCache full:https://registry.npmjs.org/@next%2fswc-darwin-x64 set size:5070357 disposed:false
96 http cache https://registry.npmjs.org/@next%2fswc-win32-x64-msvc 124ms (cache hit)
97 silly packumentCache full:https://registry.npmjs.org/@next%2fswc-win32-x64-msvc set size:5146085 disposed:false
98 http cache https://registry.npmjs.org/@next%2fswc-linux-arm64-musl 110ms (cache hit)
99 silly packumentCache full:https://registry.npmjs.org/@next%2fswc-linux-arm64-musl set size:4993426 disposed:false
100 http cache https://registry.npmjs.org/@next%2fswc-win32-arm64-msvc 105ms (cache hit)
101 silly packumentCache full:https://registry.npmjs.org/@next%2fswc-win32-arm64-msvc set size:4958579 disposed:false
102 http fetch GET 200 https://registry.npmjs.org/sharp 255ms (cache miss)
103 silly packumentCache full:https://registry.npmjs.org/sharp set size:undefined disposed:false
104 silly placeDep ROOT @next/eslint-plugin-next@15.3.6 OK for: eslint-config-next@15.3.6 want: 15.3.6
105 silly fetch manifest fast-glob@3.3.1
106 silly packumentCache full:https://registry.npmjs.org/fast-glob cache-miss
107 http cache https://registry.npmjs.org/fast-glob 1ms (cache hit)
108 silly packumentCache full:https://registry.npmjs.org/fast-glob set size:220556 disposed:false
109 silly placeDep ROOT fast-glob@3.3.1 OK for: @next/eslint-plugin-next@15.3.6 want: 3.3.1
110 silly fetch manifest merge2@^1.3.0
111 silly packumentCache full:https://registry.npmjs.org/merge2 cache-miss
112 silly fetch manifest micromatch@^4.0.4
113 silly packumentCache full:https://registry.npmjs.org/micromatch cache-miss
114 silly fetch manifest glob-parent@^5.1.2
115 silly packumentCache full:https://registry.npmjs.org/glob-parent cache-miss
116 silly fetch manifest @nodelib/fs.stat@^2.0.2
117 silly packumentCache full:https://registry.npmjs.org/@nodelib%2ffs.stat cache-miss
118 silly fetch manifest @nodelib/fs.walk@^1.2.3
119 silly packumentCache full:https://registry.npmjs.org/@nodelib%2ffs.walk cache-miss
120 http cache https://registry.npmjs.org/merge2 2ms (cache hit)
121 silly packumentCache full:https://registry.npmjs.org/merge2 set size:46159 disposed:false
122 http cache https://registry.npmjs.org/@nodelib%2ffs.stat 2ms (cache hit)
123 silly packumentCache full:https://registry.npmjs.org/@nodelib%2ffs.stat set size:36993 disposed:false
124 http cache https://registry.npmjs.org/glob-parent 3ms (cache hit)
125 silly packumentCache full:https://registry.npmjs.org/glob-parent set size:42445 disposed:false
126 http cache https://registry.npmjs.org/micromatch 3ms (cache hit)
127 silly packumentCache full:https://registry.npmjs.org/micromatch set size:240630 disposed:false
128 http cache https://registry.npmjs.org/@nodelib%2ffs.walk 3ms (cache hit)
129 silly packumentCache full:https://registry.npmjs.org/@nodelib%2ffs.walk set size:41589 disposed:false
130 silly placeDep ROOT @nodelib/fs.stat@2.0.5 OK for: fast-glob@3.3.1 want: ^2.0.2
131 silly placeDep ROOT @nodelib/fs.walk@1.2.8 OK for: fast-glob@3.3.1 want: ^1.2.3
132 silly placeDep node_modules/fast-glob glob-parent@5.1.2 OK for: fast-glob@3.3.1 want: ^5.1.2
133 silly placeDep ROOT merge2@1.4.1 OK for: fast-glob@3.3.1 want: ^1.3.0
134 silly placeDep ROOT micromatch@4.0.8 OK for: fast-glob@3.3.1 want: ^4.0.4
135 silly fetch manifest fastq@^1.6.0
136 silly packumentCache full:https://registry.npmjs.org/fastq cache-miss
137 silly fetch manifest @nodelib/fs.scandir@2.1.5
138 silly packumentCache full:https://registry.npmjs.org/@nodelib%2ffs.scandir cache-miss
139 silly fetch manifest braces@^3.0.3
140 silly packumentCache full:https://registry.npmjs.org/braces cache-miss
141 silly fetch manifest picomatch@^2.3.1
142 silly packumentCache full:https://registry.npmjs.org/picomatch cache-miss
143 http cache https://registry.npmjs.org/fastq 2ms (cache hit)
144 silly packumentCache full:https://registry.npmjs.org/fastq set size:78301 disposed:false
145 http cache https://registry.npmjs.org/@nodelib%2ffs.scandir 2ms (cache hit)
146 silly packumentCache full:https://registry.npmjs.org/@nodelib%2ffs.scandir set size:49256 disposed:false
147 http cache https://registry.npmjs.org/braces 3ms (cache hit)
148 silly packumentCache full:https://registry.npmjs.org/braces set size:114529 disposed:false
149 http cache https://registry.npmjs.org/picomatch 2ms (cache hit)
150 silly packumentCache full:https://registry.npmjs.org/picomatch set size:126376 disposed:false
151 silly placeDep ROOT @nodelib/fs.scandir@2.1.5 OK for: @nodelib/fs.walk@1.2.8 want: 2.1.5
152 silly placeDep ROOT fastq@1.20.1 OK for: @nodelib/fs.walk@1.2.8 want: ^1.6.0
153 silly fetch manifest run-parallel@^1.1.9
154 silly packumentCache full:https://registry.npmjs.org/run-parallel cache-miss
155 silly fetch manifest reusify@^1.0.4
156 silly packumentCache full:https://registry.npmjs.org/reusify cache-miss
157 http cache https://registry.npmjs.org/reusify 1ms (cache hit)
158 silly packumentCache full:https://registry.npmjs.org/reusify set size:14249 disposed:false
159 http cache https://registry.npmjs.org/run-parallel 2ms (cache hit)
160 silly packumentCache full:https://registry.npmjs.org/run-parallel set size:35172 disposed:false
161 silly placeDep ROOT run-parallel@1.2.0 OK for: @nodelib/fs.scandir@2.1.5 want: ^1.1.9
162 silly fetch manifest queue-microtask@^1.2.2
163 silly packumentCache full:https://registry.npmjs.org/queue-microtask cache-miss
164 http cache https://registry.npmjs.org/queue-microtask 1ms (cache hit)
165 silly packumentCache full:https://registry.npmjs.org/queue-microtask set size:36088 disposed:false
166 silly placeDep ROOT reusify@1.1.0 OK for: fastq@1.20.1 want: ^1.0.4
167 silly placeDep ROOT braces@3.0.3 OK for: micromatch@4.0.8 want: ^3.0.3
168 silly placeDep ROOT picomatch@2.3.2 OK for: micromatch@4.0.8 want: ^2.3.1
169 silly fetch manifest fill-range@^7.1.1
170 silly packumentCache full:https://registry.npmjs.org/fill-range cache-miss
171 http cache https://registry.npmjs.org/fill-range 1ms (cache hit)
172 silly packumentCache full:https://registry.npmjs.org/fill-range set size:90212 disposed:false
173 silly placeDep ROOT fill-range@7.1.1 OK for: braces@3.0.3 want: ^7.1.1
174 silly fetch manifest to-regex-range@^5.0.1
175 silly packumentCache full:https://registry.npmjs.org/to-regex-range cache-miss
176 http cache https://registry.npmjs.org/to-regex-range 0ms (cache hit)
177 silly packumentCache full:https://registry.npmjs.org/to-regex-range set size:61569 disposed:false
178 silly placeDep ROOT to-regex-range@5.0.1 OK for: fill-range@7.1.1 want: ^5.0.1
179 silly fetch manifest is-number@^7.0.0
180 silly packumentCache full:https://registry.npmjs.org/is-number cache-miss
181 http cache https://registry.npmjs.org/is-number 1ms (cache hit)
182 silly packumentCache full:https://registry.npmjs.org/is-number set size:36183 disposed:false
183 silly placeDep ROOT @next/env@15.3.6 OK for: next@15.3.6 want: 15.3.6
184 silly placeDep ROOT @next/swc-darwin-arm64@15.3.5 OK for: next@15.3.6 want: 15.3.5
185 silly placeDep ROOT @next/swc-darwin-x64@15.3.5 OK for: next@15.3.6 want: 15.3.5
186 silly placeDep ROOT @next/swc-linux-arm64-gnu@15.3.5 OK for: next@15.3.6 want: 15.3.5
187 silly placeDep ROOT @next/swc-linux-arm64-musl@15.3.5 OK for: next@15.3.6 want: 15.3.5
188 silly placeDep ROOT @next/swc-linux-x64-gnu@15.3.5 OK for: next@15.3.6 want: 15.3.5
189 silly placeDep ROOT @next/swc-linux-x64-musl@15.3.5 OK for: next@15.3.6 want: 15.3.5
190 silly placeDep ROOT @next/swc-win32-arm64-msvc@15.3.5 OK for: next@15.3.6 want: 15.3.5
191 silly placeDep ROOT @next/swc-win32-x64-msvc@15.3.5 OK for: next@15.3.6 want: 15.3.5
192 silly placeDep ROOT sharp@0.34.5 OK for: next@15.3.6 want: ^0.34.1
193 silly fetch manifest @img/colour@^1.0.0
194 silly packumentCache full:https://registry.npmjs.org/@img%2fcolour cache-miss
195 silly fetch manifest @img/sharp-wasm32@0.34.5
196 silly packumentCache full:https://registry.npmjs.org/@img%2fsharp-wasm32 cache-miss
197 silly fetch manifest @img/sharp-linux-arm@0.34.5
198 silly packumentCache full:https://registry.npmjs.org/@img%2fsharp-linux-arm cache-miss
199 silly fetch manifest @img/sharp-linux-x64@0.34.5
200 silly packumentCache full:https://registry.npmjs.org/@img%2fsharp-linux-x64 cache-miss
201 silly fetch manifest @img/sharp-win32-x64@0.34.5
202 silly packumentCache full:https://registry.npmjs.org/@img%2fsharp-win32-x64 cache-miss
203 silly fetch manifest @img/sharp-darwin-x64@0.34.5
204 silly packumentCache full:https://registry.npmjs.org/@img%2fsharp-darwin-x64 cache-miss
205 silly fetch manifest @img/sharp-win32-ia32@0.34.5
206 silly packumentCache full:https://registry.npmjs.org/@img%2fsharp-win32-ia32 cache-miss
207 silly fetch manifest @img/sharp-linux-arm64@0.34.5
208 silly packumentCache full:https://registry.npmjs.org/@img%2fsharp-linux-arm64 cache-miss
209 silly fetch manifest @img/sharp-linux-ppc64@0.34.5
210 silly packumentCache full:https://registry.npmjs.org/@img%2fsharp-linux-ppc64 cache-miss
211 http fetch GET 200 https://registry.npmjs.org/@img%2fcolour 67ms (cache miss)
212 silly packumentCache full:https://registry.npmjs.org/@img%2fcolour set size:undefined disposed:false
213 silly fetch manifest @img/sharp-linux-s390x@0.34.5
214 silly packumentCache full:https://registry.npmjs.org/@img%2fsharp-linux-s390x cache-miss
215 http fetch GET 200 https://registry.npmjs.org/@img%2fsharp-linux-s390x 58ms (cache miss)
216 silly packumentCache full:https://registry.npmjs.org/@img%2fsharp-linux-s390x set size:undefined disposed:false
217 silly fetch manifest @img/sharp-win32-arm64@0.34.5
218 silly packumentCache full:https://registry.npmjs.org/@img%2fsharp-win32-arm64 cache-miss
219 http fetch GET 200 https://registry.npmjs.org/@img%2fsharp-linux-arm64 129ms (cache miss)
220 silly packumentCache full:https://registry.npmjs.org/@img%2fsharp-linux-arm64 set size:undefined disposed:false
221 silly fetch manifest @img/sharp-darwin-arm64@0.34.5
222 silly packumentCache full:https://registry.npmjs.org/@img%2fsharp-darwin-arm64 cache-miss
223 http fetch GET 200 https://registry.npmjs.org/@img%2fsharp-win32-ia32 136ms (cache miss)
224 silly packumentCache full:https://registry.npmjs.org/@img%2fsharp-win32-ia32 set size:undefined disposed:false
225 silly fetch manifest @img/sharp-linux-riscv64@0.34.5
226 silly packumentCache full:https://registry.npmjs.org/@img%2fsharp-linux-riscv64 cache-miss
227 http fetch GET 200 https://registry.npmjs.org/@img%2fsharp-wasm32 137ms (cache miss)
228 silly packumentCache full:https://registry.npmjs.org/@img%2fsharp-wasm32 set size:undefined disposed:false
229 silly fetch manifest @img/sharp-linuxmusl-x64@0.34.5
230 silly packumentCache full:https://registry.npmjs.org/@img%2fsharp-linuxmusl-x64 cache-miss
231 http fetch GET 200 https://registry.npmjs.org/@img%2fsharp-linux-x64 137ms (cache miss)
232 silly packumentCache full:https://registry.npmjs.org/@img%2fsharp-linux-x64 set size:undefined disposed:false
233 silly fetch manifest @img/sharp-linuxmusl-arm64@0.34.5
234 silly packumentCache full:https://registry.npmjs.org/@img%2fsharp-linuxmusl-arm64 cache-miss
235 http fetch GET 200 https://registry.npmjs.org/@img%2fsharp-linux-arm 147ms (cache miss)
236 silly packumentCache full:https://registry.npmjs.org/@img%2fsharp-linux-arm set size:undefined disposed:false
237 silly fetch manifest @img/sharp-libvips-linux-arm@1.2.4
238 silly packumentCache full:https://registry.npmjs.org/@img%2fsharp-libvips-linux-arm cache-miss
239 http fetch GET 200 https://registry.npmjs.org/@img%2fsharp-linux-ppc64 161ms (cache miss)
240 silly packumentCache full:https://registry.npmjs.org/@img%2fsharp-linux-ppc64 set size:undefined disposed:false
241 silly fetch manifest @img/sharp-libvips-linux-x64@1.2.4
242 silly packumentCache full:https://registry.npmjs.org/@img%2fsharp-libvips-linux-x64 cache-miss
243 http fetch GET 200 https://registry.npmjs.org/@img%2fsharp-win32-arm64 57ms (cache miss)
244 silly packumentCache full:https://registry.npmjs.org/@img%2fsharp-win32-arm64 set size:undefined disposed:false
245 silly fetch manifest @img/sharp-libvips-darwin-x64@1.2.4
246 silly packumentCache full:https://registry.npmjs.org/@img%2fsharp-libvips-darwin-x64 cache-miss
247 http fetch GET 200 https://registry.npmjs.org/@img%2fsharp-darwin-arm64 51ms (cache miss)
248 silly packumentCache full:https://registry.npmjs.org/@img%2fsharp-darwin-arm64 set size:undefined disposed:false
249 silly fetch manifest @img/sharp-libvips-linux-arm64@1.2.4
250 silly packumentCache full:https://registry.npmjs.org/@img%2fsharp-libvips-linux-arm64 cache-miss
251 http fetch GET 200 https://registry.npmjs.org/@img%2fsharp-darwin-x64 184ms (cache miss)
252 silly packumentCache full:https://registry.npmjs.org/@img%2fsharp-darwin-x64 set size:undefined disposed:false
253 silly fetch manifest @img/sharp-libvips-linux-ppc64@1.2.4
254 silly packumentCache full:https://registry.npmjs.org/@img%2fsharp-libvips-linux-ppc64 cache-miss
255 http fetch GET 200 https://registry.npmjs.org/@img%2fsharp-win32-x64 186ms (cache miss)
256 silly packumentCache full:https://registry.npmjs.org/@img%2fsharp-win32-x64 set size:undefined disposed:false
257 silly fetch manifest @img/sharp-libvips-linux-s390x@1.2.4
258 silly packumentCache full:https://registry.npmjs.org/@img%2fsharp-libvips-linux-s390x cache-miss
259 http fetch GET 200 https://registry.npmjs.org/@img%2fsharp-linuxmusl-x64 66ms (cache miss)
260 silly packumentCache full:https://registry.npmjs.org/@img%2fsharp-linuxmusl-x64 set size:undefined disposed:false
261 silly fetch manifest @img/sharp-libvips-darwin-arm64@1.2.4
262 silly packumentCache full:https://registry.npmjs.org/@img%2fsharp-libvips-darwin-arm64 cache-miss
263 http fetch GET 200 https://registry.npmjs.org/@img%2fsharp-linuxmusl-arm64 67ms (cache miss)
264 silly packumentCache full:https://registry.npmjs.org/@img%2fsharp-linuxmusl-arm64 set size:undefined disposed:false
265 silly fetch manifest @img/sharp-libvips-linux-riscv64@1.2.4
266 silly packumentCache full:https://registry.npmjs.org/@img%2fsharp-libvips-linux-riscv64 cache-miss
267 http fetch GET 200 https://registry.npmjs.org/@img%2fsharp-linux-riscv64 83ms (cache miss)
268 silly packumentCache full:https://registry.npmjs.org/@img%2fsharp-linux-riscv64 set size:undefined disposed:false
269 silly fetch manifest @img/sharp-libvips-linuxmusl-x64@1.2.4
270 silly packumentCache full:https://registry.npmjs.org/@img%2fsharp-libvips-linuxmusl-x64 cache-miss
271 http fetch GET 200 https://registry.npmjs.org/@img%2fsharp-libvips-linux-arm 74ms (cache miss)
272 silly packumentCache full:https://registry.npmjs.org/@img%2fsharp-libvips-linux-arm set size:undefined disposed:false
273 silly fetch manifest @img/sharp-libvips-linuxmusl-arm64@1.2.4
274 silly packumentCache full:https://registry.npmjs.org/@img%2fsharp-libvips-linuxmusl-arm64 cache-miss
275 http fetch GET 200 https://registry.npmjs.org/@img%2fsharp-libvips-linux-arm64 47ms (cache miss)
276 silly packumentCache full:https://registry.npmjs.org/@img%2fsharp-libvips-linux-arm64 set size:undefined disposed:false
277 http fetch GET 200 https://registry.npmjs.org/@img%2fsharp-libvips-darwin-x64 50ms (cache miss)
278 silly packumentCache full:https://registry.npmjs.org/@img%2fsharp-libvips-darwin-x64 set size:undefined disposed:false
279 http fetch GET 200 https://registry.npmjs.org/@img%2fsharp-libvips-linux-x64 86ms (cache miss)
280 silly packumentCache full:https://registry.npmjs.org/@img%2fsharp-libvips-linux-x64 set size:undefined disposed:false
281 http fetch GET 200 https://registry.npmjs.org/@img%2fsharp-libvips-darwin-arm64 60ms (cache miss)
282 silly packumentCache full:https://registry.npmjs.org/@img%2fsharp-libvips-darwin-arm64 set size:undefined disposed:false
283 http fetch GET 200 https://registry.npmjs.org/@img%2fsharp-libvips-linux-ppc64 91ms (cache miss)
284 silly packumentCache full:https://registry.npmjs.org/@img%2fsharp-libvips-linux-ppc64 set size:undefined disposed:false
285 http fetch GET 200 https://registry.npmjs.org/@img%2fsharp-libvips-linux-riscv64 70ms (cache miss)
286 silly packumentCache full:https://registry.npmjs.org/@img%2fsharp-libvips-linux-riscv64 set size:undefined disposed:false
287 http fetch GET 200 https://registry.npmjs.org/@img%2fsharp-libvips-linux-s390x 89ms (cache miss)
288 silly packumentCache full:https://registry.npmjs.org/@img%2fsharp-libvips-linux-s390x set size:undefined disposed:false
289 http fetch GET 200 https://registry.npmjs.org/@img%2fsharp-libvips-linuxmusl-x64 57ms (cache miss)
290 silly packumentCache full:https://registry.npmjs.org/@img%2fsharp-libvips-linuxmusl-x64 set size:undefined disposed:false
291 http fetch GET 200 https://registry.npmjs.org/@img%2fsharp-libvips-linuxmusl-arm64 65ms (cache miss)
292 silly packumentCache full:https://registry.npmjs.org/@img%2fsharp-libvips-linuxmusl-arm64 set size:undefined disposed:false
293 silly placeDep ROOT queue-microtask@1.2.3 OK for: run-parallel@1.2.0 want: ^1.2.2
294 silly placeDep ROOT @img/colour@1.1.0 OK for: sharp@0.34.5 want: ^1.0.0
295 silly placeDep ROOT @img/sharp-darwin-arm64@0.34.5 OK for: sharp@0.34.5 want: 0.34.5
296 silly placeDep ROOT @img/sharp-darwin-x64@0.34.5 OK for: sharp@0.34.5 want: 0.34.5
297 silly placeDep ROOT @img/sharp-libvips-darwin-arm64@1.2.4 OK for: sharp@0.34.5 want: 1.2.4
298 silly placeDep ROOT @img/sharp-libvips-darwin-x64@1.2.4 OK for: sharp@0.34.5 want: 1.2.4
299 silly placeDep ROOT @img/sharp-libvips-linux-arm@1.2.4 OK for: sharp@0.34.5 want: 1.2.4
300 silly placeDep ROOT @img/sharp-libvips-linux-arm64@1.2.4 OK for: sharp@0.34.5 want: 1.2.4
301 silly placeDep ROOT @img/sharp-libvips-linux-ppc64@1.2.4 OK for: sharp@0.34.5 want: 1.2.4
302 silly placeDep ROOT @img/sharp-libvips-linux-riscv64@1.2.4 OK for: sharp@0.34.5 want: 1.2.4
303 silly placeDep ROOT @img/sharp-libvips-linux-s390x@1.2.4 OK for: sharp@0.34.5 want: 1.2.4
304 silly placeDep ROOT @img/sharp-libvips-linux-x64@1.2.4 OK for: sharp@0.34.5 want: 1.2.4
305 silly placeDep ROOT @img/sharp-libvips-linuxmusl-arm64@1.2.4 OK for: sharp@0.34.5 want: 1.2.4
306 silly placeDep ROOT @img/sharp-libvips-linuxmusl-x64@1.2.4 OK for: sharp@0.34.5 want: 1.2.4
307 silly placeDep ROOT @img/sharp-linux-arm@0.34.5 OK for: sharp@0.34.5 want: 0.34.5
308 silly placeDep ROOT @img/sharp-linux-arm64@0.34.5 OK for: sharp@0.34.5 want: 0.34.5
309 silly placeDep ROOT @img/sharp-linux-ppc64@0.34.5 OK for: sharp@0.34.5 want: 0.34.5
310 silly placeDep ROOT @img/sharp-linux-riscv64@0.34.5 OK for: sharp@0.34.5 want: 0.34.5
311 silly placeDep ROOT @img/sharp-linux-s390x@0.34.5 OK for: sharp@0.34.5 want: 0.34.5
312 silly placeDep ROOT @img/sharp-linux-x64@0.34.5 OK for: sharp@0.34.5 want: 0.34.5
313 silly placeDep ROOT @img/sharp-linuxmusl-arm64@0.34.5 OK for: sharp@0.34.5 want: 0.34.5
314 silly placeDep ROOT @img/sharp-linuxmusl-x64@0.34.5 OK for: sharp@0.34.5 want: 0.34.5
315 silly placeDep ROOT @img/sharp-wasm32@0.34.5 OK for: sharp@0.34.5 want: 0.34.5
316 silly placeDep ROOT @img/sharp-win32-arm64@0.34.5 OK for: sharp@0.34.5 want: 0.34.5
317 silly placeDep ROOT @img/sharp-win32-ia32@0.34.5 OK for: sharp@0.34.5 want: 0.34.5
318 silly placeDep ROOT @img/sharp-win32-x64@0.34.5 OK for: sharp@0.34.5 want: 0.34.5
319 silly placeDep ROOT is-number@7.0.0 OK for: to-regex-range@5.0.1 want: ^7.0.0
320 silly reify mark retired [
320 silly reify   '/Users/ianhough/sarakbi-patient-app/node_modules/@img/sharp-darwin-arm64'
320 silly reify ]
321 silly reify mark retired [
321 silly reify   '/Users/ianhough/sarakbi-patient-app/node_modules/@img/sharp-libvips-darwin-arm64'
321 silly reify ]
322 silly reify mark retired [ '/Users/ianhough/sarakbi-patient-app/node_modules/@next/env' ]
323 silly reify mark retired [
323 silly reify   '/Users/ianhough/sarakbi-patient-app/node_modules/@next/eslint-plugin-next'
323 silly reify ]
324 silly reify mark retired [
324 silly reify   '/Users/ianhough/sarakbi-patient-app/node_modules/@next/swc-darwin-arm64'
324 silly reify ]
325 silly reify mark retired [ '/Users/ianhough/sarakbi-patient-app/node_modules/color' ]
326 silly reify mark retired [ '/Users/ianhough/sarakbi-patient-app/node_modules/color-string' ]
327 silly reify mark retired [
327 silly reify   '/Users/ianhough/sarakbi-patient-app/node_modules/eslint-config-next'
327 silly reify ]
328 silly reify mark retired [ '/Users/ianhough/sarakbi-patient-app/node_modules/is-arrayish' ]
329 silly reify mark retired [
329 silly reify   '/Users/ianhough/sarakbi-patient-app/node_modules/next',
329 silly reify   '/Users/ianhough/sarakbi-patient-app/node_modules/.bin/next'
329 silly reify ]
330 silly reify mark retired [ '/Users/ianhough/sarakbi-patient-app/node_modules/sharp' ]
331 silly reify mark retired [ '/Users/ianhough/sarakbi-patient-app/node_modules/simple-swizzle' ]
332 silly reify moves {
332 silly reify   '/Users/ianhough/sarakbi-patient-app/node_modules/@img/sharp-darwin-arm64': '/Users/ianhough/sarakbi-patient-app/node_modules/@img/.sharp-darwin-arm64-pGAmcKdY',
332 silly reify   '/Users/ianhough/sarakbi-patient-app/node_modules/@img/sharp-libvips-darwin-arm64': '/Users/ianhough/sarakbi-patient-app/node_modules/@img/.sharp-libvips-darwin-arm64-eZlKuTWG',
332 silly reify   '/Users/ianhough/sarakbi-patient-app/node_modules/@next/env': '/Users/ianhough/sarakbi-patient-app/node_modules/@next/.env-Rn5PoIos',
332 silly reify   '/Users/ianhough/sarakbi-patient-app/node_modules/@next/eslint-plugin-next': '/Users/ianhough/sarakbi-patient-app/node_modules/@next/.eslint-plugin-next-FEuDCLVj',
332 silly reify   '/Users/ianhough/sarakbi-patient-app/node_modules/@next/swc-darwin-arm64': '/Users/ianhough/sarakbi-patient-app/node_modules/@next/.swc-darwin-arm64-IzXD0Oqz',
332 silly reify   '/Users/ianhough/sarakbi-patient-app/node_modules/color': '/Users/ianhough/sarakbi-patient-app/node_modules/.color-Jf18w7cf',
332 silly reify   '/Users/ianhough/sarakbi-patient-app/node_modules/color-string': '/Users/ianhough/sarakbi-patient-app/node_modules/.color-string-yGidpw5W',
332 silly reify   '/Users/ianhough/sarakbi-patient-app/node_modules/eslint-config-next': '/Users/ianhough/sarakbi-patient-app/node_modules/.eslint-config-next-ZolVqyEq',
332 silly reify   '/Users/ianhough/sarakbi-patient-app/node_modules/is-arrayish': '/Users/ianhough/sarakbi-patient-app/node_modules/.is-arrayish-YQMrct5Y',
332 silly reify   '/Users/ianhough/sarakbi-patient-app/node_modules/next': '/Users/ianhough/sarakbi-patient-app/node_modules/.next-1WZWSJ6F',
332 silly reify   '/Users/ianhough/sarakbi-patient-app/node_modules/.bin/next': '/Users/ianhough/sarakbi-patient-app/node_modules/.bin/.next-vnbsIGYA',
332 silly reify   '/Users/ianhough/sarakbi-patient-app/node_modules/sharp': '/Users/ianhough/sarakbi-patient-app/node_modules/.sharp-3gs0M77j',
332 silly reify   '/Users/ianhough/sarakbi-patient-app/node_modules/simple-swizzle': '/Users/ianhough/sarakbi-patient-app/node_modules/.simple-swizzle-wWG7KhaF'
332 silly reify }
333 silly audit bulk request {
333 silly audit   '@alloc/quick-lru': [ '5.2.0' ],
333 silly audit   '@emnapi/core': [ '1.9.1' ],
333 silly audit   '@emnapi/runtime': [ '1.9.1' ],
333 silly audit   '@emnapi/wasi-threads': [ '1.2.0' ],
333 silly audit   '@eslint-community/eslint-utils': [ '4.9.1' ],
333 silly audit   'eslint-visitor-keys': [ '3.4.3', '5.0.1', '4.2.1' ],
333 silly audit   '@eslint-community/regexpp': [ '4.12.2' ],
333 silly audit   '@eslint/config-array': [ '0.21.2' ],
333 silly audit   '@eslint/config-helpers': [ '0.4.2' ],
333 silly audit   '@eslint/core': [ '0.17.0' ],
333 silly audit   '@eslint/eslintrc': [ '3.3.5' ],
333 silly audit   '@eslint/js': [ '9.39.4' ],
333 silly audit   '@eslint/object-schema': [ '2.1.7' ],
333 silly audit   '@eslint/plugin-kit': [ '0.4.1' ],
333 silly audit   '@humanfs/core': [ '0.19.1' ],
333 silly audit   '@humanfs/node': [ '0.16.7' ],
333 silly audit   '@humanwhocodes/module-importer': [ '1.0.1' ],
333 silly audit   '@humanwhocodes/retry': [ '0.4.3' ],
333 silly audit   '@jridgewell/gen-mapping': [ '0.3.13' ],
333 silly audit   '@jridgewell/remapping': [ '2.3.5' ],
333 silly audit   '@jridgewell/resolve-uri': [ '3.1.2' ],
333 silly audit   '@jridgewell/sourcemap-codec': [ '1.5.5' ],
333 silly audit   '@jridgewell/trace-mapping': [ '0.3.31' ],
333 silly audit   '@napi-rs/wasm-runtime': [ '0.2.12' ],
333 silly audit   '@nolyfill/is-core-module': [ '1.0.39' ],
333 silly audit   '@prisma/client': [ '6.19.2' ],
333 silly audit   '@prisma/config': [ '6.19.2' ],
333 silly audit   '@prisma/debug': [ '6.19.2' ],
333 silly audit   '@prisma/engines': [ '6.19.2' ],
333 silly audit   '@prisma/engines-version': [ '7.1.1-3.c2990dca591cba766e3b7ef5d9e8a84796e47ab7' ],
333 silly audit   '@prisma/fetch-engine': [ '6.19.2' ],
333 silly audit   '@prisma/get-platform': [ '6.19.2' ],
333 silly audit   '@rtsao/scc': [ '1.1.0' ],
333 silly audit   '@rushstack/eslint-patch': [ '1.16.1' ],
333 silly audit   '@standard-schema/spec': [ '1.1.0' ],
333 silly audit   '@swc/counter': [ '0.1.3' ],
333 silly audit   '@swc/helpers': [ '0.5.15' ],
333 silly audit   '@tailwindcss/node': [ '4.2.2' ],
333 silly audit   '@tailwindcss/oxide': [ '4.2.2' ],
333 silly audit   '@tailwindcss/oxide-android-arm64': [ '4.2.2' ],
333 silly audit   '@tailwindcss/oxide-darwin-arm64': [ '4.2.2' ],
333 silly audit   '@tailwindcss/oxide-darwin-x64': [ '4.2.2' ],
333 silly audit   '@tailwindcss/oxide-freebsd-x64': [ '4.2.2' ],
333 silly audit   '@tailwindcss/oxide-linux-arm-gnueabihf': [ '4.2.2' ],
333 silly audit   '@tailwindcss/oxide-linux-arm64-gnu': [ '4.2.2' ],
333 silly audit   '@tailwindcss/oxide-linux-arm64-musl': [ '4.2.2' ],
333 silly audit   '@tailwindcss/oxide-linux-x64-gnu': [ '4.2.2' ],
333 silly audit   '@tailwindcss/oxide-linux-x64-musl': [ '4.2.2' ],
333 silly audit   '@tailwindcss/oxide-wasm32-wasi': [ '4.2.2' ],
333 silly audit   '@tailwindcss/oxide-win32-arm64-msvc': [ '4.2.2' ],
333 silly audit   '@tailwindcss/oxide-win32-x64-msvc': [ '4.2.2' ],
333 silly audit   '@tailwindcss/postcss': [ '4.2.2' ],
333 silly audit   '@tybys/wasm-util': [ '0.10.1' ],
333 silly audit   '@types/bcryptjs': [ '2.4.6' ],
333 silly audit   '@types/estree': [ '1.0.8' ],
333 silly audit   '@types/json-schema': [ '7.0.15' ],
333 silly audit   '@types/json5': [ '0.0.29' ],
333 silly audit   '@types/node': [ '20.19.37' ],
333 silly audit   '@types/react': [ '19.2.14' ],
333 silly audit   '@types/react-dom': [ '19.2.3' ],
333 silly audit   '@typescript-eslint/eslint-plugin': [ '8.57.2' ],
333 silly audit   ignore: [ '7.0.5', '5.3.2' ],
333 silly audit   '@typescript-eslint/parser': [ '8.57.2' ],
333 silly audit   '@typescript-eslint/project-service': [ '8.57.2' ],
333 silly audit   '@typescript-eslint/scope-manager': [ '8.57.2' ],
333 silly audit   '@typescript-eslint/tsconfig-utils': [ '8.57.2' ],
333 silly audit   '@typescript-eslint/type-utils': [ '8.57.2' ],
333 silly audit   '@typescript-eslint/types': [ '8.57.2' ],
333 silly audit   '@typescript-eslint/typescript-estree': [ '8.57.2' ],
333 silly audit   'balanced-match': [ '4.0.4', '1.0.2' ],
333 silly audit   'brace-expansion': [ '5.0.5', '1.1.13' ],
333 silly audit   minimatch: [ '10.2.4', '3.1.5' ],
333 silly audit   '@typescript-eslint/utils': [ '8.57.2' ],
333 silly audit   '@typescript-eslint/visitor-keys': [ '8.57.2' ],
333 silly audit   '@unrs/resolver-binding-android-arm-eabi': [ '1.11.1' ],
333 silly audit   '@unrs/resolver-binding-android-arm64': [ '1.11.1' ],
333 silly audit   '@unrs/resolver-binding-darwin-arm64': [ '1.11.1' ],
333 silly audit   '@unrs/resolver-binding-darwin-x64': [ '1.11.1' ],
333 silly audit   '@unrs/resolver-binding-freebsd-x64': [ '1.11.1' ],
333 silly audit   '@unrs/resolver-binding-linux-arm-gnueabihf': [ '1.11.1' ],
333 silly audit   '@unrs/resolver-binding-linux-arm-musleabihf': [ '1.11.1' ],
333 silly audit   '@unrs/resolver-binding-linux-arm64-gnu': [ '1.11.1' ],
333 silly audit   '@unrs/resolver-binding-linux-arm64-musl': [ '1.11.1' ],
333 silly audit   '@unrs/resolver-binding-linux-ppc64-gnu': [ '1.11.1' ],
333 silly audit   '@unrs/resolver-binding-linux-riscv64-gnu': [ '1.11.1' ],
333 silly audit   '@unrs/resolver-binding-linux-riscv64-musl': [ '1.11.1' ],
333 silly audit   '@unrs/resolver-binding-linux-s390x-gnu': [ '1.11.1' ],
333 silly audit   '@unrs/resolver-binding-linux-x64-gnu': [ '1.11.1' ],
333 silly audit   '@unrs/resolver-binding-linux-x64-musl': [ '1.11.1' ],
333 silly audit   '@unrs/resolver-binding-wasm32-wasi': [ '1.11.1' ],
333 silly audit   '@unrs/resolver-binding-win32-arm64-msvc': [ '1.11.1' ],
333 silly audit   '@unrs/resolver-binding-win32-ia32-msvc': [ '1.11.1' ],
333 silly audit   '@unrs/resolver-binding-win32-x64-msvc': [ '1.11.1' ],
333 silly audit   acorn: [ '8.16.0' ],
333 silly audit   'acorn-jsx': [ '5.3.2' ],
333 silly audit   ajv: [ '6.14.0' ],
333 silly audit   'ansi-styles': [ '4.3.0' ],
333 silly audit   argparse: [ '2.0.1' ],
333 silly audit   'aria-query': [ '5.3.2' ],
333 silly audit   'array-buffer-byte-length': [ '1.0.2' ],
333 silly audit   'array-includes': [ '3.1.9' ],
333 silly audit   'array.prototype.findlast': [ '1.2.5' ],
333 silly audit   'array.prototype.findlastindex': [ '1.2.6' ],
333 silly audit   'array.prototype.flat': [ '1.3.3' ],
333 silly audit   'array.prototype.flatmap': [ '1.3.3' ],
333 silly audit   'array.prototype.tosorted': [ '1.1.4' ],
333 silly audit   'arraybuffer.prototype.slice': [ '1.0.4' ],
333 silly audit   'ast-types-flow': [ '0.0.8' ],
333 silly audit   'async-function': [ '1.0.0' ],
333 silly audit   'available-typed-arrays': [ '1.0.7' ],
333 silly audit   'axe-core': [ '4.11.1' ],
333 silly audit   'axobject-query': [ '4.1.0' ],
333 silly audit   bcryptjs: [ '3.0.3' ],
333 silly audit   busboy: [ '1.6.0' ],
333 silly audit   c12: [ '3.1.0' ],
333 silly audit   'call-bind': [ '1.0.8' ],
333 silly audit   'call-bind-apply-helpers': [ '1.0.2' ],
333 silly audit   'call-bound': [ '1.0.4' ],
333 silly audit   callsites: [ '3.1.0' ],
333 silly audit   'caniuse-lite': [ '1.0.30001781' ],
333 silly audit   chalk: [ '4.1.2' ],
333 silly audit   chokidar: [ '4.0.3' ],
333 silly audit   citty: [ '0.1.6', '0.2.1' ],
333 silly audit   'client-only': [ '0.0.1' ],
333 silly audit   'color-convert': [ '2.0.1' ],
333 silly audit   'color-name': [ '1.1.4' ],
333 silly audit   'concat-map': [ '0.0.1' ],
333 silly audit   confbox: [ '0.2.4' ],
333 silly audit   consola: [ '3.4.2' ],
333 silly audit   'cross-spawn': [ '7.0.6' ],
333 silly audit   csstype: [ '3.2.3' ],
333 silly audit   'damerau-levenshtein': [ '1.0.8' ],
333 silly audit   'data-view-buffer': [ '1.0.2' ],
333 silly audit   'data-view-byte-length': [ '1.0.2' ],
333 silly audit   'data-view-byte-offset': [ '1.0.1' ],
333 silly audit   debug: [ '4.4.3', '3.2.7' ],
333 silly audit   'deep-is': [ '0.1.4' ],
333 silly audit   'deepmerge-ts': [ '7.1.5' ],
333 silly audit   'define-data-property': [ '1.1.4' ],
333 silly audit   'define-properties': [ '1.2.1' ],
333 silly audit   defu: [ '6.1.4' ],
333 silly audit   destr: [ '2.0.5' ],
333 silly audit   'detect-libc': [ '2.1.2' ],
333 silly audit   doctrine: [ '2.1.0' ],
333 silly audit   dotenv: [ '16.6.1' ],
333 silly audit   'dunder-proto': [ '1.0.1' ],
333 silly audit   effect: [ '3.18.4' ],
333 silly audit   'emoji-regex': [ '9.2.2' ],
333 silly audit   empathic: [ '2.0.0' ],
333 silly audit   'enhanced-resolve': [ '5.20.1' ],
333 silly audit   'es-abstract': [ '1.24.1' ],
333 silly audit   'es-define-property': [ '1.0.1' ],
333 silly audit   'es-errors': [ '1.3.0' ],
333 silly audit   'es-iterator-helpers': [ '1.3.1' ],
333 silly audit   'es-object-atoms': [ '1.1.1' ],
333 silly audit   'es-set-tostringtag': [ '2.1.0' ],
333 silly audit   'es-shim-unscopables': [ '1.1.0' ],
333 silly audit   'es-to-primitive': [ '1.3.0' ],
333 silly audit   'escape-string-regexp': [ '4.0.0' ],
333 silly audit   eslint: [ '9.39.4' ],
333 silly audit   'eslint-import-resolver-node': [ '0.3.9' ],
333 silly audit   'eslint-import-resolver-typescript': [ '3.10.1' ],
333 silly audit   'eslint-module-utils': [ '2.12.1' ],
333 silly audit   'eslint-plugin-import': [ '2.32.0' ],
333 silly audit   semver: [ '6.3.1', '7.7.4' ],
333 silly audit   'eslint-plugin-jsx-a11y': [ '6.10.2' ],
333 silly audit   'eslint-plugin-react': [ '7.37.5' ],
333 silly audit   'eslint-plugin-react-hooks': [ '5.2.0' ],
333 silly audit   resolve: [ '2.0.0-next.6', '1.22.11' ],
333 silly audit   'eslint-scope': [ '8.4.0' ],
333 silly audit   espree: [ '10.4.0' ],
333 silly audit   esquery: [ '1.7.0' ],
333 silly audit   esrecurse: [ '4.3.0' ],
333 silly audit   estraverse: [ '5.3.0' ],
333 silly audit   esutils: [ '2.0.3' ],
333 silly audit   exsolve: [ '1.0.8' ],
333 silly audit   'fast-check': [ '3.23.2' ],
333 silly audit   'fast-deep-equal': [ '3.1.3' ],
333 silly audit   'glob-parent': [ '6.0.2', '5.1.2' ],
333 silly audit   'fast-json-stable-stringify': [ '2.1.0' ],
333 silly audit   'fast-levenshtein': [ '2.0.6' ],
333 silly audit   'file-entry-cache': [ '8.0.0' ],
333 silly audit   'find-up': [ '5.0.0' ],
333 silly audit   'flat-cache': [ '4.0.1' ],
333 silly audit   flatted: [ '3.4.2' ],
333 silly audit   'for-each': [ '0.3.5' ],
333 silly audit   'function-bind': [ '1.1.2' ],
333 silly audit   'function.prototype.name': [ '1.1.8' ],
333 silly audit   'functions-have-names': [ '1.2.3' ],
333 silly audit   'generator-function': [ '2.0.1' ],
333 silly audit   'get-intrinsic': [ '1.3.0' ],
333 silly audit   'get-proto': [ '1.0.1' ],
333 silly audit   'get-symbol-description': [ '1.1.0' ],
333 silly audit   'get-tsconfig': [ '4.13.7' ],
333 silly audit   giget: [ '2.0.0' ],
333 silly audit   globals: [ '14.0.0' ],
333 silly audit   globalthis: [ '1.0.4' ],
333 silly audit   gopd: [ '1.2.0' ],
333 silly audit   'graceful-fs': [ '4.2.11' ],
333 silly audit   'has-bigints': [ '1.1.0' ],
333 silly audit   'has-flag': [ '4.0.0' ],
333 silly audit   'has-property-descriptors': [ '1.0.2' ],
333 silly audit   'has-proto': [ '1.2.0' ],
333 silly audit   'has-symbols': [ '1.1.0' ],
333 silly audit   'has-tostringtag': [ '1.0.2' ],
333 silly audit   hasown: [ '2.0.2' ],
333 silly audit   'import-fresh': [ '3.3.1' ],
333 silly audit   imurmurhash: [ '0.1.4' ],
333 silly audit   'internal-slot': [ '1.1.0' ],
333 silly audit   'is-array-buffer': [ '3.0.5' ],
333 silly audit   'is-async-function': [ '2.1.1' ],
333 silly audit   'is-bigint': [ '1.1.0' ],
333 silly audit   'is-boolean-object': [ '1.2.2' ],
333 silly audit   'is-bun-module': [ '2.0.0' ],
333 silly audit   'is-callable': [ '1.2.7' ],
333 silly audit   'is-core-module': [ '2.16.1' ],
333 silly audit   'is-data-view': [ '1.0.2' ],
333 silly audit   'is-date-object': [ '1.1.0' ],
333 silly audit   'is-extglob': [ '2.1.1' ],
333 silly audit   'is-finalizationregistry': [ '1.1.1' ],
333 silly audit   'is-generator-function': [ '1.1.2' ],
333 silly audit   'is-glob': [ '4.0.3' ],
333 silly audit   'is-map': [ '2.0.3' ],
333 silly audit   'is-negative-zero': [ '2.0.3' ],
333 silly audit   'is-number-object': [ '1.1.1' ],
333 silly audit   'is-regex': [ '1.2.1' ],
333 silly audit   'is-set': [ '2.0.3' ],
333 silly audit   'is-shared-array-buffer': [ '1.0.4' ],
333 silly audit   'is-string': [ '1.1.1' ],
333 silly audit   'is-symbol': [ '1.1.1' ],
333 silly audit   'is-typed-array': [ '1.1.15' ],
333 silly audit   'is-weakmap': [ '2.0.2' ],
333 silly audit   'is-weakref': [ '1.1.1' ],
333 silly audit   'is-weakset': [ '2.0.4' ],
333 silly audit   isarray: [ '2.0.5' ],
333 silly audit   isexe: [ '2.0.0' ],
333 silly audit   'iterator.prototype': [ '1.1.5' ],
333 silly audit   jiti: [ '2.6.1' ],
333 silly audit   jose: [ '6.2.2' ],
333 silly audit   'js-tokens': [ '4.0.0' ],
333 silly audit   'js-yaml': [ '4.1.1' ],
333 silly audit   'json-buffer': [ '3.0.1' ],
333 silly audit   'json-schema-traverse': [ '0.4.1' ],
333 silly audit   'json-stable-stringify-without-jsonify': [ '1.0.1' ],
333 silly audit   json5: [ '1.0.2' ],
333 silly audit   'jsx-ast-utils': [ '3.3.5' ],
333 silly audit   keyv: [ '4.5.4' ],
333 silly audit   'language-subtag-registry': [ '0.3.23' ],
333 silly audit   'language-tags': [ '1.0.9' ],
333 silly audit   levn: [ '0.4.1' ],
333 silly audit   lightningcss: [ '1.32.0' ],
333 silly audit   'lightningcss-android-arm64': [ '1.32.0' ],
333 silly audit   'lightningcss-darwin-arm64': [ '1.32.0' ],
333 silly audit   'lightningcss-darwin-x64': [ '1.32.0' ],
333 silly audit   'lightningcss-freebsd-x64': [ '1.32.0' ],
333 silly audit   'lightningcss-linux-arm-gnueabihf': [ '1.32.0' ],
333 silly audit   'lightningcss-linux-arm64-gnu': [ '1.32.0' ],
333 silly audit   'lightningcss-linux-arm64-musl': [ '1.32.0' ],
333 silly audit   'lightningcss-linux-x64-gnu': [ '1.32.0' ],
333 silly audit   'lightningcss-linux-x64-musl': [ '1.32.0' ],
333 silly audit   'lightningcss-win32-arm64-msvc': [ '1.32.0' ],
333 silly audit   'lightningcss-win32-x64-msvc': [ '1.32.0' ],
333 silly audit   'locate-path': [ '6.0.0' ],
333 silly audit   'lodash.merge': [ '4.6.2' ],
333 silly audit   'loose-envify': [ '1.4.0' ],
333 silly audit   'magic-string': [ '0.30.21' ],
333 silly audit   'math-intrinsics': [ '1.1.0' ],
333 silly audit   minimist: [ '1.2.8' ],
333 silly audit   ms: [ '2.1.3' ],
333 silly audit   nanoid: [ '3.3.11' ],
333 silly audit   'napi-postinstall': [ '0.3.4' ],
333 silly audit   'natural-compare': [ '1.4.0' ],
333 silly audit   postcss: [ '8.5.8', '8.4.31' ],
333 silly audit   'node-exports-info': [ '1.6.0' ],
333 silly audit   'node-fetch-native': [ '1.6.7' ],
333 silly audit   nypm: [ '0.6.5' ],
333 silly audit   'object-assign': [ '4.1.1' ],
333 silly audit   'object-inspect': [ '1.13.4' ],
333 silly audit   'object-keys': [ '1.1.1' ],
333 silly audit   'object.assign': [ '4.1.7' ],
333 silly audit   'object.entries': [ '1.1.9' ],
333 silly audit   'object.fromentries': [ '2.0.8' ],
333 silly audit   'object.groupby': [ '1.0.3' ],
333 silly audit   'object.values': [ '1.2.1' ],
333 silly audit   ohash: [ '2.0.11' ],
333 silly audit   optionator: [ '0.9.4' ],
333 silly audit   'own-keys': [ '1.0.1' ],
333 silly audit   'p-limit': [ '3.1.0' ],
333 silly audit   'p-locate': [ '5.0.0' ],
333 silly audit   'parent-module': [ '1.0.1' ],
333 silly audit   'path-exists': [ '4.0.0' ],
333 silly audit   'path-key': [ '3.1.1' ],
333 silly audit   'path-parse': [ '1.0.7' ],
333 silly audit   pathe: [ '2.0.3' ],
333 silly audit   'perfect-debounce': [ '1.0.0' ],
333 silly audit   picocolors: [ '1.1.1' ],
333 silly audit   picomatch: [ '4.0.4', '2.3.2' ],
333 silly audit   'pkg-types': [ '2.3.0' ],
333 silly audit   'possible-typed-array-names': [ '1.1.0' ],
333 silly audit   'prelude-ls': [ '1.2.1' ],
333 silly audit   prisma: [ '6.19.2' ],
333 silly audit   'prop-types': [ '15.8.1' ],
333 silly audit   punycode: [ '2.3.1' ],
333 silly audit   'pure-rand': [ '6.1.0' ],
333 silly audit   rc9: [ '2.1.2' ],
333 silly audit   react: [ '19.2.4' ],
333 silly audit   'react-dom': [ '19.2.4' ],
333 silly audit   'react-is': [ '16.13.1' ],
333 silly audit   readdirp: [ '4.1.2' ],
333 silly audit   'reflect.getprototypeof': [ '1.0.10' ],
333 silly audit   'regexp.prototype.flags': [ '1.5.4' ],
333 silly audit   'resolve-from': [ '4.0.0' ],
333 silly audit   'resolve-pkg-maps': [ '1.0.0' ],
333 silly audit   'safe-array-concat': [ '1.1.3' ],
333 silly audit   'safe-push-apply': [ '1.0.0' ],
333 silly audit   'safe-regex-test': [ '1.1.0' ],
333 silly audit   scheduler: [ '0.27.0' ],
333 silly audit   'set-function-length': [ '1.2.2' ],
333 silly audit   'set-function-name': [ '2.0.2' ],
333 silly audit   'set-proto': [ '1.0.0' ],
333 silly audit   'shebang-command': [ '2.0.0' ],
333 silly audit   'shebang-regex': [ '3.0.0' ],
333 silly audit   'side-channel': [ '1.1.0' ],
333 silly audit   'side-channel-list': [ '1.0.0' ],
333 silly audit   'side-channel-map': [ '1.0.1' ],
333 silly audit   'side-channel-weakmap': [ '1.0.2' ],
333 silly audit   'source-map-js': [ '1.2.1' ],
333 silly audit   'stable-hash': [ '0.0.5' ],
333 silly audit   'stop-iteration-iterator': [ '1.1.0' ],
333 silly audit   streamsearch: [ '1.1.0' ],
333 silly audit   'string.prototype.includes': [ '2.0.1' ],
333 silly audit   'string.prototype.matchall': [ '4.0.12' ],
333 silly audit   'string.prototype.repeat': [ '1.0.0' ],
333 silly audit   'string.prototype.trim': [ '1.2.10' ],
333 silly audit   'string.prototype.trimend': [ '1.0.9' ],
333 silly audit   'string.prototype.trimstart': [ '1.0.8' ],
333 silly audit   'strip-bom': [ '3.0.0' ],
333 silly audit   'strip-json-comments': [ '3.1.1' ],
333 silly audit   'styled-jsx': [ '5.1.6' ],
333 silly audit   'supports-color': [ '7.2.0' ],
333 silly audit   'supports-preserve-symlinks-flag': [ '1.0.0' ],
333 silly audit   tailwindcss: [ '4.2.2' ],
333 silly audit   tapable: [ '2.3.2' ],
333 silly audit   tinyexec: [ '1.0.4' ],
333 silly audit   tinyglobby: [ '0.2.15' ],
333 silly audit   fdir: [ '6.5.0' ],
333 silly audit   'ts-api-utils': [ '2.5.0' ],
333 silly audit   'tsconfig-paths': [ '3.15.0' ],
333 silly audit   tslib: [ '2.8.1' ],
333 silly audit   'type-check': [ '0.4.0' ],
333 silly audit   'typed-array-buffer': [ '1.0.3' ],
333 silly audit   'typed-array-byte-length': [ '1.0.3' ],
333 silly audit   'typed-array-byte-offset': [ '1.0.4' ],
333 silly audit   'typed-array-length': [ '1.0.7' ],
333 silly audit   typescript: [ '5.9.3' ],
333 silly audit   'unbox-primitive': [ '1.1.0' ],
333 silly audit   'undici-types': [ '6.21.0' ],
333 silly audit   'unrs-resolver': [ '1.11.1' ],
333 silly audit   'uri-js': [ '4.4.1' ],
333 silly audit   which: [ '2.0.2' ],
333 silly audit   'which-boxed-primitive': [ '1.1.1' ],
333 silly audit   'which-builtin-type': [ '1.2.1' ],
333 silly audit   'which-collection': [ '1.0.2' ],
333 silly audit   'which-typed-array': [ '1.1.20' ],
333 silly audit   'word-wrap': [ '1.2.5' ],
333 silly audit   'yocto-queue': [ '0.1.0' ],
333 silly audit   zod: [ '3.25.76' ],
333 silly audit   'eslint-config-next': [ '15.3.6' ],
333 silly audit   next: [ '15.3.6' ],
333 silly audit   '@next/eslint-plugin-next': [ '15.3.6' ],
333 silly audit   'fast-glob': [ '3.3.1' ],
333 silly audit   '@nodelib/fs.stat': [ '2.0.5' ],
333 silly audit   '@nodelib/fs.walk': [ '1.2.8' ],
333 silly audit   merge2: [ '1.4.1' ],
333 silly audit   micromatch: [ '4.0.8' ],
333 silly audit   '@nodelib/fs.scandir': [ '2.1.5' ],
333 silly audit   fastq: [ '1.20.1' ],
333 silly audit   'run-parallel': [ '1.2.0' ],
333 silly audit   reusify: [ '1.1.0' ],
333 silly audit   braces: [ '3.0.3' ],
333 silly audit   'fill-range': [ '7.1.1' ],
333 silly audit   'to-regex-range': [ '5.0.1' ],
333 silly audit   '@next/env': [ '15.3.6' ],
333 silly audit   '@next/swc-darwin-arm64': [ '15.3.5' ],
333 silly audit   '@next/swc-darwin-x64': [ '15.3.5' ],
333 silly audit   '@next/swc-linux-arm64-gnu': [ '15.3.5' ],
333 silly audit   '@next/swc-linux-arm64-musl': [ '15.3.5' ],
333 silly audit   '@next/swc-linux-x64-gnu': [ '15.3.5' ],
333 silly audit   '@next/swc-linux-x64-musl': [ '15.3.5' ],
333 silly audit   '@next/swc-win32-arm64-msvc': [ '15.3.5' ],
333 silly audit   '@next/swc-win32-x64-msvc': [ '15.3.5' ],
333 silly audit   sharp: [ '0.34.5' ],
333 silly audit   'queue-microtask': [ '1.2.3' ],
333 silly audit   '@img/colour': [ '1.1.0' ],
333 silly audit   '@img/sharp-darwin-arm64': [ '0.34.5' ],
333 silly audit   '@img/sharp-darwin-x64': [ '0.34.5' ],
333 silly audit   '@img/sharp-libvips-darwin-arm64': [ '1.2.4' ],
333 silly audit   '@img/sharp-libvips-darwin-x64': [ '1.2.4' ],
333 silly audit   '@img/sharp-libvips-linux-arm': [ '1.2.4' ],
333 silly audit   '@img/sharp-libvips-linux-arm64': [ '1.2.4' ],
333 silly audit   '@img/sharp-libvips-linux-ppc64': [ '1.2.4' ],
333 silly audit   '@img/sharp-libvips-linux-riscv64': [ '1.2.4' ],
333 silly audit   '@img/sharp-libvips-linux-s390x': [ '1.2.4' ],
333 silly audit   '@img/sharp-libvips-linux-x64': [ '1.2.4' ],
333 silly audit   '@img/sharp-libvips-linuxmusl-arm64': [ '1.2.4' ],
333 silly audit   '@img/sharp-libvips-linuxmusl-x64': [ '1.2.4' ],
333 silly audit   '@img/sharp-linux-arm': [ '0.34.5' ],
333 silly audit   '@img/sharp-linux-arm64': [ '0.34.5' ],
333 silly audit   '@img/sharp-linux-ppc64': [ '0.34.5' ],
333 silly audit   '@img/sharp-linux-riscv64': [ '0.34.5' ],
333 silly audit   '@img/sharp-linux-s390x': [ '0.34.5' ],
333 silly audit   '@img/sharp-linux-x64': [ '0.34.5' ],
333 silly audit   '@img/sharp-linuxmusl-arm64': [ '0.34.5' ],
333 silly audit   '@img/sharp-linuxmusl-x64': [ '0.34.5' ],
333 silly audit   '@img/sharp-wasm32': [ '0.34.5' ],
333 silly audit   '@img/sharp-win32-arm64': [ '0.34.5' ],
333 silly audit   '@img/sharp-win32-ia32': [ '0.34.5' ],
333 silly audit   '@img/sharp-win32-x64': [ '0.34.5' ],
333 silly audit   'is-number': [ '7.0.0' ]
333 silly audit }
334 http cache @img/colour@https://registry.npmjs.org/@img/colour/-/colour-1.1.0.tgz 0ms (cache hit)
335 http cache eslint-config-next@https://registry.npmjs.org/eslint-config-next/-/eslint-config-next-15.3.6.tgz 0ms (cache hit)
336 http cache next@https://registry.npmjs.org/next/-/next-15.3.6.tgz 0ms (cache hit)
337 http cache sharp@https://registry.npmjs.org/sharp/-/sharp-0.34.5.tgz 0ms (cache hit)
338 http cache @next/eslint-plugin-next@https://registry.npmjs.org/@next/eslint-plugin-next/-/eslint-plugin-next-15.3.6.tgz 0ms (cache hit)
339 http cache @img/sharp-libvips-darwin-arm64@https://registry.npmjs.org/@img/sharp-libvips-darwin-arm64/-/sharp-libvips-darwin-arm64-1.2.4.tgz 0ms (cache hit)
340 http cache @next/env@https://registry.npmjs.org/@next/env/-/env-15.3.6.tgz 0ms (cache hit)
341 http cache @next/swc-darwin-arm64@https://registry.npmjs.org/@next/swc-darwin-arm64/-/swc-darwin-arm64-15.3.5.tgz 0ms (cache hit)
342 http cache @img/sharp-darwin-arm64@https://registry.npmjs.org/@img/sharp-darwin-arm64/-/sharp-darwin-arm64-0.34.5.tgz 0ms (cache hit)
343 silly tarball no local data for @img/colour@https://registry.npmjs.org/@img/colour/-/colour-1.1.0.tgz. Extracting by manifest.
344 silly tarball no local data for eslint-config-next@https://registry.npmjs.org/eslint-config-next/-/eslint-config-next-15.3.6.tgz. Extracting by manifest.
345 silly tarball no local data for next@https://registry.npmjs.org/next/-/next-15.3.6.tgz. Extracting by manifest.
346 silly tarball no local data for sharp@https://registry.npmjs.org/sharp/-/sharp-0.34.5.tgz. Extracting by manifest.
347 silly tarball no local data for @next/eslint-plugin-next@https://registry.npmjs.org/@next/eslint-plugin-next/-/eslint-plugin-next-15.3.6.tgz. Extracting by manifest.
348 silly tarball no local data for @img/sharp-libvips-darwin-arm64@https://registry.npmjs.org/@img/sharp-libvips-darwin-arm64/-/sharp-libvips-darwin-arm64-1.2.4.tgz. Extracting by manifest.
349 silly tarball no local data for @next/env@https://registry.npmjs.org/@next/env/-/env-15.3.6.tgz. Extracting by manifest.
350 silly tarball no local data for @next/swc-darwin-arm64@https://registry.npmjs.org/@next/swc-darwin-arm64/-/swc-darwin-arm64-15.3.5.tgz. Extracting by manifest.
351 silly tarball no local data for @img/sharp-darwin-arm64@https://registry.npmjs.org/@img/sharp-darwin-arm64/-/sharp-darwin-arm64-0.34.5.tgz. Extracting by manifest.
352 http fetch GET 200 https://registry.npmjs.org/eslint-config-next/-/eslint-config-next-15.3.6.tgz 76ms (cache miss)
353 http fetch GET 200 https://registry.npmjs.org/@img/colour/-/colour-1.1.0.tgz 105ms (cache miss)
354 http fetch GET 200 https://registry.npmjs.org/@next/env/-/env-15.3.6.tgz 105ms (cache miss)
355 http fetch GET 200 https://registry.npmjs.org/sharp/-/sharp-0.34.5.tgz 110ms (cache miss)
356 http fetch POST 200 https://registry.npmjs.org/-/npm/v1/security/advisories/bulk 233ms
357 silly audit report {
357 silly audit report   effect: [
357 silly audit report     {
357 silly audit report       id: 1115356,
357 silly audit report       url: 'https://github.com/advisories/GHSA-38f7-945m-qr2g',
357 silly audit report       title: 'Effect `AsyncLocalStorage` context lost/contaminated inside Effect fibers under concurrent load with RPC',
357 silly audit report       severity: 'high',
357 silly audit report       vulnerable_versions: '<3.20.0',
357 silly audit report       cwe: [Array],
357 silly audit report       cvss: [Object]
357 silly audit report     }
357 silly audit report   ],
357 silly audit report   next: [
357 silly audit report     {
357 silly audit report       id: 1111378,
357 silly audit report       url: 'https://github.com/advisories/GHSA-w37m-7fhw-fmv9',
357 silly audit report       title: 'Next Server Actions Source Code Exposure ',
357 silly audit report       severity: 'moderate',
357 silly audit report       vulnerable_versions: '>=15.3.0-canary.0 <15.3.7',
357 silly audit report       cwe: [Array],
357 silly audit report       cvss: [Object]
357 silly audit report     },
357 silly audit report     {
357 silly audit report       id: 1111387,
357 silly audit report       url: 'https://github.com/advisories/GHSA-mwv6-3258-q52c',
357 silly audit report       title: 'Next Vulnerable to Denial of Service with Server Components',
357 silly audit report       severity: 'high',
357 silly audit report       vulnerable_versions: '>=15.3.0-canary.0 <15.3.7',
357 silly audit report       cwe: [Array],
357 silly audit report       cvss: [Object]
357 silly audit report     },
357 silly audit report     {
357 silly audit report       id: 1107228,
357 silly audit report       url: 'https://github.com/advisories/GHSA-g5qg-72qw-gw5v',
357 silly audit report       title: 'Next.js Affected by Cache Key Confusion for Image Optimization API Routes',
357 silly audit report       severity: 'moderate',
357 silly audit report       vulnerable_versions: '>=15.0.0 <=15.4.4',
357 silly audit report       cwe: [Array],
357 silly audit report       cvss: [Object]
357 silly audit report     },
357 silly audit report     {
357 silly audit report       id: 1107514,
357 silly audit report       url: 'https://github.com/advisories/GHSA-xv57-4mr9-wg8v',
357 silly audit report       title: 'Next.js Content Injection Vulnerability for Image Optimization',
357 silly audit report       severity: 'moderate',
357 silly audit report       vulnerable_versions: '>=15.0.0 <=15.4.4',
357 silly audit report       cwe: [Array],
357 silly audit report       cvss: [Object]
357 silly audit report     },
357 silly audit report     {
357 silly audit report       id: 1107515,
357 silly audit report       url: 'https://github.com/advisories/GHSA-4342-x723-ch2f',
357 silly audit report       title: 'Next.js Improper Middleware Redirect Handling Leads to SSRF',
357 silly audit report       severity: 'moderate',
357 silly audit report       vulnerable_versions: '>=15.0.0-canary.0 <15.4.7',
357 silly audit report       cwe: [Array],
357 silly audit report       cvss: [Object]
357 silly audit report     },
357 silly audit report     {
357 silly audit report       id: 1112593,
357 silly audit report       url: 'https://github.com/advisories/GHSA-9g9p-9gw9-jx7f',
357 silly audit report       title: 'Next.js self-hosted applications vulnerable to DoS via Image Optimizer remotePatterns configuration',
357 silly audit report       severity: 'moderate',
357 silly audit report       vulnerable_versions: '>=10.0.0 <15.5.10',
357 silly audit report       cwe: [Array],
357 silly audit report       cvss: [Object]
357 silly audit report     },
357 silly audit report     {
357 silly audit report       id: 1112650,
357 silly audit report       url: 'https://github.com/advisories/GHSA-h25m-26qc-wcjf',
357 silly audit report       title: 'Next.js HTTP request deserialization can lead to DoS when using insecure React Server Components',
357 silly audit report       severity: 'high',
357 silly audit report       vulnerable_versions: '>=15.3.0-canary.0 <15.3.9',
357 silly audit report       cwe: [Array],
357 silly audit report       cvss: [Object]
357 silly audit report     },
357 silly audit report     {
357 silly audit report       id: 1114897,
357 silly audit report       url: 'https://github.com/advisories/GHSA-ggv3-7p47-pfv8',
357 silly audit report       title: 'Next.js: HTTP request smuggling in rewrites',
357 silly audit report       severity: 'moderate',
357 silly audit report       vulnerable_versions: '>=9.5.0 <15.5.13',
357 silly audit report       cwe: [Array],
357 silly audit report       cvss: [Object]
357 silly audit report     },
357 silly audit report     {
357 silly audit report       id: 1114940,
357 silly audit report       url: 'https://github.com/advisories/GHSA-3x4c-7xq6-9pq8',
357 silly audit report       title: 'Next.js: Unbounded next/image disk cache growth can exhaust storage',
357 silly audit report       severity: 'moderate',
357 silly audit report       vulnerable_versions: '>=10.0.0 <15.5.14',
357 silly audit report       cwe: [Array],
357 silly audit report       cvss: [Object]
357 silly audit report     }
357 silly audit report   ]
357 silly audit report }
358 silly packumentCache corgi:https://registry.npmjs.org/effect cache-miss
359 silly packumentCache corgi:https://registry.npmjs.org/next cache-miss
360 http cache https://registry.npmjs.org/effect 5ms (cache hit)
361 silly packumentCache corgi:https://registry.npmjs.org/effect set size:321530 disposed:false
362 http cache https://registry.npmjs.org/next 21ms (cache hit)
363 silly packumentCache corgi:https://registry.npmjs.org/next set size:24466845 disposed:false
364 silly packumentCache corgi:https://registry.npmjs.org/@prisma%2fconfig cache-miss
365 http fetch GET 200 https://registry.npmjs.org/@img/sharp-darwin-arm64/-/sharp-darwin-arm64-0.34.5.tgz 565ms (cache miss)
366 http cache https://registry.npmjs.org/@prisma%2fconfig 5ms (cache hit)
367 silly packumentCache corgi:https://registry.npmjs.org/@prisma%2fconfig set size:1393621 disposed:false
368 silly packumentCache corgi:https://registry.npmjs.org/prisma cache-miss
369 http cache https://registry.npmjs.org/prisma 24ms (cache hit)
370 silly packumentCache corgi:https://registry.npmjs.org/prisma set size:22707585 disposed:false
371 silly packumentCache corgi:https://registry.npmjs.org/@prisma%2fclient cache-miss
372 http cache https://registry.npmjs.org/@prisma%2fclient 45ms (cache hit)
373 silly packumentCache corgi:https://registry.npmjs.org/@prisma%2fclient set size:37645621 disposed:false
374 http fetch GET 200 https://registry.npmjs.org/@next/eslint-plugin-next/-/eslint-plugin-next-15.3.6.tgz 1046ms (cache miss)
375 http fetch GET 200 https://registry.npmjs.org/@img/sharp-libvips-darwin-arm64/-/sharp-libvips-darwin-arm64-1.2.4.tgz 4588ms (cache miss)
376 http fetch GET 200 https://registry.npmjs.org/next/-/next-15.3.6.tgz 5372ms (cache miss)
377 warn deprecated next@15.3.6: This version has a security vulnerability. Please upgrade to a patched version. See https://nextjs.org/blog/security-update-2025-12-11 for more details.
378 http fetch GET 200 https://registry.npmjs.org/@next/swc-darwin-arm64/-/swc-darwin-arm64-15.3.5.tgz 9189ms (cache miss)
379 info run sharp@0.34.5 install node_modules/sharp node install/check.js || npm run build
380 info run sharp@0.34.5 install { code: 0, signal: null }
381 silly ADD node_modules/@img/colour
382 silly REMOVE node_modules/simple-swizzle
383 silly CHANGE node_modules/sharp
384 silly CHANGE node_modules/next
385 silly REMOVE node_modules/is-arrayish
386 silly CHANGE node_modules/eslint-config-next
387 silly REMOVE node_modules/color-string
388 silly REMOVE node_modules/color
389 silly CHANGE node_modules/@next/swc-darwin-arm64
390 silly CHANGE node_modules/@next/eslint-plugin-next
391 silly CHANGE node_modules/@next/env
392 silly CHANGE node_modules/@img/sharp-libvips-darwin-arm64
393 silly CHANGE node_modules/@img/sharp-darwin-arm64
394 verbose cwd /Users/ianhough/sarakbi-patient-app
395 verbose os Darwin 25.3.0
396 verbose node v24.14.0
397 verbose npm  v11.9.0
398 verbose exit 0
399 info ok
